<?xml version="1.0" encoding="UTF-8"?>
<testsuite name="com.tmpro.TmproApplicationTests" tests="1" skipped="0" failures="0" errors="0" timestamp="2024-11-10T02:03:20" hostname="TAASIO" time="0.444">
  <properties/>
  <testcase name="contextLoads()" classname="com.tmpro.TmproApplicationTests" time="0.444"/>
  <system-out><![CDATA[03:03:11.591 [Test worker] INFO org.springframework.test.context.support.AnnotationConfigContextLoaderUtils -- Could not detect default configuration classes for test class [com.tmpro.TmproApplicationTests]: TmproApplicationTests does not declare any static, non-private, non-final, nested classes annotated with @Configuration.
03:03:11.710 [Test worker] INFO org.springframework.boot.test.context.SpringBootTestContextBootstrapper -- Found @SpringBootConfiguration com.tmpro.TmproApplication for test class com.tmpro.TmproApplicationTests

  .   ____          _            __ _ _
 /\\ / ___'_ __ _ _(_)_ __  __ _ \ \ \ \
( ( )\___ | '_ | '_| | '_ \/ _` | \ \ \ \
 \\/  ___)| |_)| | | | | || (_| |  ) ) ) )
  '  |____| .__|_| |_|_| |_\__, | / / / /
 =========|_|==============|___/=/_/_/_/
 :: Spring Boot ::                (v3.2.5)

2024-11-10T03:03:12.197+01:00  INFO 33548 --- [fmpro] [    Test worker] com.tmpro.TmproApplicationTests          : Starting TmproApplicationTests using Java 17.0.12 with PID 33548 (started by tasio in C:\Users\tasio\fmpro)
2024-11-10T03:03:12.200+01:00  INFO 33548 --- [fmpro] [    Test worker] com.tmpro.TmproApplicationTests          : No active profile set, falling back to 1 default profile: "default"
2024-11-10T03:03:13.308+01:00  INFO 33548 --- [fmpro] [    Test worker] .s.d.r.c.RepositoryConfigurationDelegate : Bootstrapping Spring Data JPA repositories in DEFAULT mode.
2024-11-10T03:03:13.371+01:00  INFO 33548 --- [fmpro] [    Test worker] .s.d.r.c.RepositoryConfigurationDelegate : Finished Spring Data repository scanning in 55 ms. Found 5 JPA repository interfaces.
2024-11-10T03:03:14.215+01:00  INFO 33548 --- [fmpro] [    Test worker] o.hibernate.jpa.internal.util.LogHelper  : HHH000204: Processing PersistenceUnitInfo [name: default]
2024-11-10T03:03:14.300+01:00  INFO 33548 --- [fmpro] [    Test worker] org.hibernate.Version                    : HHH000412: Hibernate ORM core version 6.4.4.Final
2024-11-10T03:03:14.353+01:00  INFO 33548 --- [fmpro] [    Test worker] o.h.c.internal.RegionFactoryInitiator    : HHH000026: Second-level cache disabled
2024-11-10T03:03:14.602+01:00  INFO 33548 --- [fmpro] [    Test worker] o.s.o.j.p.SpringPersistenceUnitInfo      : No LoadTimeWeaver setup: ignoring JPA class transformer
2024-11-10T03:03:14.630+01:00  INFO 33548 --- [fmpro] [    Test worker] com.zaxxer.hikari.HikariDataSource       : HikariPool-1 - Starting...
2024-11-10T03:03:15.321+01:00  INFO 33548 --- [fmpro] [    Test worker] com.zaxxer.hikari.pool.HikariPool        : HikariPool-1 - Added connection org.postgresql.jdbc.PgConnection@720ffab4
2024-11-10T03:03:15.322+01:00  INFO 33548 --- [fmpro] [    Test worker] com.zaxxer.hikari.HikariDataSource       : HikariPool-1 - Start completed.
2024-11-10T03:03:15.394+01:00  WARN 33548 --- [fmpro] [    Test worker] org.hibernate.orm.deprecation            : HHH90000025: PostgreSQLDialect does not need to be specified explicitly using 'hibernate.dialect' (remove the property setting and it will be selected by default)
2024-11-10T03:03:16.473+01:00  INFO 33548 --- [fmpro] [    Test worker] o.h.e.t.j.p.i.JtaPlatformInitiator       : HHH000489: No JTA platform available (set 'hibernate.transaction.jta.platform' to enable JTA platform integration)
2024-11-10T03:03:17.702+01:00  INFO 33548 --- [fmpro] [    Test worker] j.LocalContainerEntityManagerFactoryBean : Initialized JPA EntityManagerFactory for persistence unit 'default'
2024-11-10T03:03:18.376+01:00  WARN 33548 --- [fmpro] [    Test worker] JpaBaseConfiguration$JpaWebConfiguration : spring.jpa.open-in-view is enabled by default. Therefore, database queries may be performed during view rendering. Explicitly configure spring.jpa.open-in-view to disable this warning
2024-11-10T03:03:19.092+01:00  INFO 33548 --- [fmpro] [    Test worker] o.s.b.a.w.s.WelcomePageHandlerMapping    : Adding welcome page: class path resource [static/index.html]
2024-11-10T03:03:19.793+01:00  INFO 33548 --- [fmpro] [    Test worker] o.s.b.a.e.web.EndpointLinksResolver      : Exposing 1 endpoint(s) beneath base path '/actuator'
2024-11-10T03:03:19.903+01:00  INFO 33548 --- [fmpro] [    Test worker] o.s.s.web.DefaultSecurityFilterChain     : Will secure any request with [org.springframework.security.web.session.DisableEncodeUrlFilter@3d2be0df, org.springframework.security.web.context.request.async.WebAsyncManagerIntegrationFilter@6affbed1, org.springframework.security.web.context.SecurityContextHolderFilter@22b112bb, org.springframework.security.web.header.HeaderWriterFilter@63c6579, org.springframework.web.filter.CorsFilter@2cf93603, org.springframework.security.web.authentication.logout.LogoutFilter@2a01c55, org.springframework.security.web.savedrequest.RequestCacheAwareFilter@11893180, org.springframework.security.web.servletapi.SecurityContextHolderAwareRequestFilter@446dbf7b, org.springframework.security.web.authentication.AnonymousAuthenticationFilter@6fe43257, org.springframework.security.web.access.ExceptionTranslationFilter@2d6161b9, org.springframework.security.web.access.intercept.AuthorizationFilter@24c9a52a]
2024-11-10T03:03:20.544+01:00  INFO 33548 --- [fmpro] [    Test worker] com.tmpro.TmproApplicationTests          : Started TmproApplicationTests in 8.645 seconds (process running for 9.867)
]]></system-out>
  <system-err><![CDATA[]]></system-err>
</testsuite>
