<?xml version="1.0" encoding="UTF-8"?>
<testsuite name="com.tmpro.TmproApplicationTests" tests="1" skipped="0" failures="0" errors="0" timestamp="2024-11-10T01:09:32" hostname="TAASIO" time="0.452">
  <properties/>
  <testcase name="contextLoads()" classname="com.tmpro.TmproApplicationTests" time="0.452"/>
  <system-out><![CDATA[02:09:23.467 [Test worker] INFO org.springframework.test.context.support.AnnotationConfigContextLoaderUtils -- Could not detect default configuration classes for test class [com.tmpro.TmproApplicationTests]: TmproApplicationTests does not declare any static, non-private, non-final, nested classes annotated with @Configuration.
02:09:23.602 [Test worker] INFO org.springframework.boot.test.context.SpringBootTestContextBootstrapper -- Found @SpringBootConfiguration com.tmpro.TmproApplication for test class com.tmpro.TmproApplicationTests

  .   ____          _            __ _ _
 /\\ / ___'_ __ _ _(_)_ __  __ _ \ \ \ \
( ( )\___ | '_ | '_| | '_ \/ _` | \ \ \ \
 \\/  ___)| |_)| | | | | || (_| |  ) ) ) )
  '  |____| .__|_| |_|_| |_\__, | / / / /
 =========|_|==============|___/=/_/_/_/
 :: Spring Boot ::                (v3.2.5)

2024-11-10T02:09:24.032+01:00  INFO 19260 --- [fmpro] [    Test worker] com.tmpro.TmproApplicationTests          : Starting TmproApplicationTests using Java 17.0.12 with PID 19260 (started by tasio in C:\Users\tasio\fmpro)
2024-11-10T02:09:24.033+01:00  INFO 19260 --- [fmpro] [    Test worker] com.tmpro.TmproApplicationTests          : No active profile set, falling back to 1 default profile: "default"
2024-11-10T02:09:25.139+01:00  INFO 19260 --- [fmpro] [    Test worker] .s.d.r.c.RepositoryConfigurationDelegate : Bootstrapping Spring Data JPA repositories in DEFAULT mode.
2024-11-10T02:09:25.206+01:00  INFO 19260 --- [fmpro] [    Test worker] .s.d.r.c.RepositoryConfigurationDelegate : Finished Spring Data repository scanning in 58 ms. Found 5 JPA repository interfaces.
2024-11-10T02:09:26.084+01:00  INFO 19260 --- [fmpro] [    Test worker] o.hibernate.jpa.internal.util.LogHelper  : HHH000204: Processing PersistenceUnitInfo [name: default]
2024-11-10T02:09:26.157+01:00  INFO 19260 --- [fmpro] [    Test worker] org.hibernate.Version                    : HHH000412: Hibernate ORM core version 6.4.4.Final
2024-11-10T02:09:26.199+01:00  INFO 19260 --- [fmpro] [    Test worker] o.h.c.internal.RegionFactoryInitiator    : HHH000026: Second-level cache disabled
2024-11-10T02:09:26.496+01:00  INFO 19260 --- [fmpro] [    Test worker] o.s.o.j.p.SpringPersistenceUnitInfo      : No LoadTimeWeaver setup: ignoring JPA class transformer
2024-11-10T02:09:26.530+01:00  INFO 19260 --- [fmpro] [    Test worker] com.zaxxer.hikari.HikariDataSource       : HikariPool-1 - Starting...
2024-11-10T02:09:27.231+01:00  INFO 19260 --- [fmpro] [    Test worker] com.zaxxer.hikari.pool.HikariPool        : HikariPool-1 - Added connection org.postgresql.jdbc.PgConnection@5bc14211
2024-11-10T02:09:27.232+01:00  INFO 19260 --- [fmpro] [    Test worker] com.zaxxer.hikari.HikariDataSource       : HikariPool-1 - Start completed.
2024-11-10T02:09:27.307+01:00  WARN 19260 --- [fmpro] [    Test worker] org.hibernate.orm.deprecation            : HHH90000025: PostgreSQLDialect does not need to be specified explicitly using 'hibernate.dialect' (remove the property setting and it will be selected by default)
2024-11-10T02:09:28.323+01:00  INFO 19260 --- [fmpro] [    Test worker] o.h.e.t.j.p.i.JtaPlatformInitiator       : HHH000489: No JTA platform available (set 'hibernate.transaction.jta.platform' to enable JTA platform integration)
2024-11-10T02:09:29.570+01:00  INFO 19260 --- [fmpro] [    Test worker] j.LocalContainerEntityManagerFactoryBean : Initialized JPA EntityManagerFactory for persistence unit 'default'
2024-11-10T02:09:30.292+01:00  WARN 19260 --- [fmpro] [    Test worker] JpaBaseConfiguration$JpaWebConfiguration : spring.jpa.open-in-view is enabled by default. Therefore, database queries may be performed during view rendering. Explicitly configure spring.jpa.open-in-view to disable this warning
2024-11-10T02:09:30.970+01:00  INFO 19260 --- [fmpro] [    Test worker] o.s.b.a.w.s.WelcomePageHandlerMapping    : Adding welcome page: class path resource [static/index.html]
2024-11-10T02:09:31.695+01:00  INFO 19260 --- [fmpro] [    Test worker] o.s.b.a.e.web.EndpointLinksResolver      : Exposing 1 endpoint(s) beneath base path '/actuator'
2024-11-10T02:09:31.803+01:00  INFO 19260 --- [fmpro] [    Test worker] o.s.s.web.DefaultSecurityFilterChain     : Will secure any request with [org.springframework.security.web.session.DisableEncodeUrlFilter@71f9f8ba, org.springframework.security.web.context.request.async.WebAsyncManagerIntegrationFilter@7685912e, org.springframework.security.web.context.SecurityContextHolderFilter@349e166, org.springframework.security.web.header.HeaderWriterFilter@7d28d525, org.springframework.web.filter.CorsFilter@3ea3b20d, org.springframework.security.web.authentication.logout.LogoutFilter@6fe43257, org.springframework.security.web.savedrequest.RequestCacheAwareFilter@7310bc90, org.springframework.security.web.servletapi.SecurityContextHolderAwareRequestFilter@5632bed3, org.springframework.security.web.authentication.AnonymousAuthenticationFilter@17856f0, org.springframework.security.web.access.ExceptionTranslationFilter@684001e6, org.springframework.security.web.access.intercept.AuthorizationFilter@b65cc8b]
2024-11-10T02:09:32.447+01:00  INFO 19260 --- [fmpro] [    Test worker] com.tmpro.TmproApplicationTests          : Started TmproApplicationTests in 8.638 seconds (process running for 9.814)
]]></system-out>
  <system-err><![CDATA[]]></system-err>
</testsuite>
