<?xml version="1.0" encoding="UTF-8"?>
<testsuite name="com.tmpro.TmproApplicationTests" tests="1" skipped="0" failures="0" errors="0" timestamp="2024-11-07T16:38:13" hostname="TAASIO" time="0.389">
  <properties/>
  <testcase name="contextLoads()" classname="com.tmpro.TmproApplicationTests" time="0.389"/>
  <system-out><![CDATA[17:38:05.047 [Test worker] INFO org.springframework.test.context.support.AnnotationConfigContextLoaderUtils -- Could not detect default configuration classes for test class [com.tmpro.TmproApplicationTests]: TmproApplicationTests does not declare any static, non-private, non-final, nested classes annotated with @Configuration.
17:38:05.141 [Test worker] INFO org.springframework.boot.test.context.SpringBootTestContextBootstrapper -- Found @SpringBootConfiguration com.tmpro.TmproApplication for test class com.tmpro.TmproApplicationTests

  .   ____          _            __ _ _
 /\\ / ___'_ __ _ _(_)_ __  __ _ \ \ \ \
( ( )\___ | '_ | '_| | '_ \/ _` | \ \ \ \
 \\/  ___)| |_)| | | | | || (_| |  ) ) ) )
  '  |____| .__|_| |_|_| |_\__, | / / / /
 =========|_|==============|___/=/_/_/_/
 :: Spring Boot ::                (v3.2.5)

2024-11-07T17:38:05.498+01:00  INFO 34544 --- [fmpro] [    Test worker] com.tmpro.TmproApplicationTests          : Starting TmproApplicationTests using Java 17.0.12 with PID 34544 (started by tasio in C:\Users\tasio\fmpro)
2024-11-07T17:38:05.500+01:00  INFO 34544 --- [fmpro] [    Test worker] com.tmpro.TmproApplicationTests          : No active profile set, falling back to 1 default profile: "default"
2024-11-07T17:38:06.482+01:00  INFO 34544 --- [fmpro] [    Test worker] .s.d.r.c.RepositoryConfigurationDelegate : Bootstrapping Spring Data JPA repositories in DEFAULT mode.
2024-11-07T17:38:06.541+01:00  INFO 34544 --- [fmpro] [    Test worker] .s.d.r.c.RepositoryConfigurationDelegate : Finished Spring Data repository scanning in 50 ms. Found 5 JPA repository interfaces.
2024-11-07T17:38:07.304+01:00  INFO 34544 --- [fmpro] [    Test worker] o.hibernate.jpa.internal.util.LogHelper  : HHH000204: Processing PersistenceUnitInfo [name: default]
2024-11-07T17:38:07.391+01:00  INFO 34544 --- [fmpro] [    Test worker] org.hibernate.Version                    : HHH000412: Hibernate ORM core version 6.4.4.Final
2024-11-07T17:38:07.442+01:00  INFO 34544 --- [fmpro] [    Test worker] o.h.c.internal.RegionFactoryInitiator    : HHH000026: Second-level cache disabled
2024-11-07T17:38:07.722+01:00  INFO 34544 --- [fmpro] [    Test worker] o.s.o.j.p.SpringPersistenceUnitInfo      : No LoadTimeWeaver setup: ignoring JPA class transformer
2024-11-07T17:38:07.752+01:00  INFO 34544 --- [fmpro] [    Test worker] com.zaxxer.hikari.HikariDataSource       : HikariPool-1 - Starting...
2024-11-07T17:38:08.462+01:00  INFO 34544 --- [fmpro] [    Test worker] com.zaxxer.hikari.pool.HikariPool        : HikariPool-1 - Added connection org.postgresql.jdbc.PgConnection@5bc14211
2024-11-07T17:38:08.463+01:00  INFO 34544 --- [fmpro] [    Test worker] com.zaxxer.hikari.HikariDataSource       : HikariPool-1 - Start completed.
2024-11-07T17:38:08.532+01:00  WARN 34544 --- [fmpro] [    Test worker] org.hibernate.orm.deprecation            : HHH90000025: PostgreSQLDialect does not need to be specified explicitly using 'hibernate.dialect' (remove the property setting and it will be selected by default)
2024-11-07T17:38:09.529+01:00  INFO 34544 --- [fmpro] [    Test worker] o.h.e.t.j.p.i.JtaPlatformInitiator       : HHH000489: No JTA platform available (set 'hibernate.transaction.jta.platform' to enable JTA platform integration)
2024-11-07T17:38:10.795+01:00  INFO 34544 --- [fmpro] [    Test worker] j.LocalContainerEntityManagerFactoryBean : Initialized JPA EntityManagerFactory for persistence unit 'default'
2024-11-07T17:38:11.438+01:00  WARN 34544 --- [fmpro] [    Test worker] JpaBaseConfiguration$JpaWebConfiguration : spring.jpa.open-in-view is enabled by default. Therefore, database queries may be performed during view rendering. Explicitly configure spring.jpa.open-in-view to disable this warning
2024-11-07T17:38:12.789+01:00  INFO 34544 --- [fmpro] [    Test worker] o.s.b.a.e.web.EndpointLinksResolver      : Exposing 1 endpoint(s) beneath base path '/actuator'
2024-11-07T17:38:12.881+01:00  INFO 34544 --- [fmpro] [    Test worker] o.s.s.web.DefaultSecurityFilterChain     : Will secure any request with [org.springframework.security.web.session.DisableEncodeUrlFilter@5710f755, org.springframework.security.web.context.request.async.WebAsyncManagerIntegrationFilter@1b78c34b, org.springframework.security.web.context.SecurityContextHolderFilter@5fe5f2f0, org.springframework.security.web.header.HeaderWriterFilter@7752f9fe, org.springframework.web.filter.CorsFilter@640890bc, org.springframework.security.web.authentication.logout.LogoutFilter@28fdce67, org.springframework.security.web.savedrequest.RequestCacheAwareFilter@e7c3ba2, org.springframework.security.web.servletapi.SecurityContextHolderAwareRequestFilter@6c07666f, org.springframework.security.web.authentication.AnonymousAuthenticationFilter@5b1f32e2, org.springframework.security.web.access.ExceptionTranslationFilter@412bb41f, org.springframework.security.web.access.intercept.AuthorizationFilter@497ccf3]
2024-11-07T17:38:13.531+01:00  INFO 34544 --- [fmpro] [    Test worker] com.tmpro.TmproApplicationTests          : Started TmproApplicationTests in 8.241 seconds (process running for 9.294)
]]></system-out>
  <system-err><![CDATA[]]></system-err>
</testsuite>
