<?xml version="1.0" encoding="UTF-8"?>
<testsuite name="com.tmpro.TmproApplicationTests" tests="1" skipped="0" failures="0" errors="0" timestamp="2024-12-01T18:23:06" hostname="TAASIO" time="0.387">
  <properties/>
  <testcase name="contextLoads()" classname="com.tmpro.TmproApplicationTests" time="0.387"/>
  <system-out><![CDATA[19:22:59.613 [Test worker] INFO org.springframework.test.context.support.AnnotationConfigContextLoaderUtils -- Could not detect default configuration classes for test class [com.tmpro.TmproApplicationTests]: TmproApplicationTests does not declare any static, non-private, non-final, nested classes annotated with @Configuration.
19:22:59.687 [Test worker] INFO org.springframework.boot.test.context.SpringBootTestContextBootstrapper -- Found @SpringBootConfiguration com.tmpro.TmproApplication for test class com.tmpro.TmproApplicationTests

  .   ____          _            __ _ _
 /\\ / ___'_ __ _ _(_)_ __  __ _ \ \ \ \
( ( )\___ | '_ | '_| | '_ \/ _` | \ \ \ \
 \\/  ___)| |_)| | | | | || (_| |  ) ) ) )
  '  |____| .__|_| |_|_| |_\__, | / / / /
 =========|_|==============|___/=/_/_/_/
 :: Spring Boot ::                (v3.2.5)

2024-12-01T19:22:59.989+01:00  INFO 18960 --- [fmpro] [    Test worker] com.tmpro.TmproApplicationTests          : Starting TmproApplicationTests using Java 21.0.3 with PID 18960 (started by tasio in C:\Users\tasio\fmpro)
2024-12-01T19:22:59.990+01:00  INFO 18960 --- [fmpro] [    Test worker] com.tmpro.TmproApplicationTests          : No active profile set, falling back to 1 default profile: "default"
2024-12-01T19:23:00.725+01:00  INFO 18960 --- [fmpro] [    Test worker] .s.d.r.c.RepositoryConfigurationDelegate : Bootstrapping Spring Data JPA repositories in DEFAULT mode.
2024-12-01T19:23:00.774+01:00  INFO 18960 --- [fmpro] [    Test worker] .s.d.r.c.RepositoryConfigurationDelegate : Finished Spring Data repository scanning in 42 ms. Found 6 JPA repository interfaces.
2024-12-01T19:23:01.403+01:00  INFO 18960 --- [fmpro] [    Test worker] o.hibernate.jpa.internal.util.LogHelper  : HHH000204: Processing PersistenceUnitInfo [name: default]
2024-12-01T19:23:01.446+01:00  INFO 18960 --- [fmpro] [    Test worker] org.hibernate.Version                    : HHH000412: Hibernate ORM core version 6.4.4.Final
2024-12-01T19:23:01.474+01:00  INFO 18960 --- [fmpro] [    Test worker] o.h.c.internal.RegionFactoryInitiator    : HHH000026: Second-level cache disabled
2024-12-01T19:23:01.659+01:00  INFO 18960 --- [fmpro] [    Test worker] o.s.o.j.p.SpringPersistenceUnitInfo      : No LoadTimeWeaver setup: ignoring JPA class transformer
2024-12-01T19:23:01.681+01:00  INFO 18960 --- [fmpro] [    Test worker] com.zaxxer.hikari.HikariDataSource       : HikariPool-1 - Starting...
2024-12-01T19:23:02.431+01:00  INFO 18960 --- [fmpro] [    Test worker] com.zaxxer.hikari.pool.HikariPool        : HikariPool-1 - Added connection org.postgresql.jdbc.PgConnection@49153009
2024-12-01T19:23:02.432+01:00  INFO 18960 --- [fmpro] [    Test worker] com.zaxxer.hikari.HikariDataSource       : HikariPool-1 - Start completed.
2024-12-01T19:23:02.501+01:00  WARN 18960 --- [fmpro] [    Test worker] org.hibernate.orm.deprecation            : HHH90000025: PostgreSQLDialect does not need to be specified explicitly using 'hibernate.dialect' (remove the property setting and it will be selected by default)
2024-12-01T19:23:03.408+01:00  INFO 18960 --- [fmpro] [    Test worker] o.h.e.t.j.p.i.JtaPlatformInitiator       : HHH000489: No JTA platform available (set 'hibernate.transaction.jta.platform' to enable JTA platform integration)
Hibernate: alter table if exists users add constraint FK4qu1gr772nnf6ve5af002rwya foreign key (role_id) references role
2024-12-01T19:23:04.707+01:00  INFO 18960 --- [fmpro] [    Test worker] j.LocalContainerEntityManagerFactoryBean : Initialized JPA EntityManagerFactory for persistence unit 'default'
2024-12-01T19:23:05.217+01:00  WARN 18960 --- [fmpro] [    Test worker] JpaBaseConfiguration$JpaWebConfiguration : spring.jpa.open-in-view is enabled by default. Therefore, database queries may be performed during view rendering. Explicitly configure spring.jpa.open-in-view to disable this warning
2024-12-01T19:23:05.398+01:00  WARN 18960 --- [fmpro] [    Test worker] .s.s.UserDetailsServiceAutoConfiguration : 

Using generated security password: 6bb49ee2-3cf0-442b-b612-c5857fa632cf

This generated password is for development use only. Your security configuration must be updated before running your application in production.

2024-12-01T19:23:05.608+01:00  INFO 18960 --- [fmpro] [    Test worker] o.s.b.a.w.s.WelcomePageHandlerMapping    : Adding welcome page: class path resource [static/index.html]
2024-12-01T19:23:06.014+01:00  INFO 18960 --- [fmpro] [    Test worker] o.s.b.a.e.web.EndpointLinksResolver      : Exposing 1 endpoint(s) beneath base path '/actuator'
2024-12-01T19:23:06.152+01:00  INFO 18960 --- [fmpro] [    Test worker] o.s.s.web.DefaultSecurityFilterChain     : Will secure any request with [org.springframework.security.web.session.DisableEncodeUrlFilter@7bd76b79, org.springframework.security.web.context.request.async.WebAsyncManagerIntegrationFilter@5fdfa35d, org.springframework.security.web.context.SecurityContextHolderFilter@57ab7b32, org.springframework.security.web.header.HeaderWriterFilter@2cf93603, org.springframework.web.filter.CorsFilter@43165282, org.springframework.security.web.authentication.logout.LogoutFilter@2c48eb31, org.springframework.security.web.savedrequest.RequestCacheAwareFilter@57ce8f63, org.springframework.security.web.servletapi.SecurityContextHolderAwareRequestFilter@2291fb1, org.springframework.security.web.authentication.AnonymousAuthenticationFilter@2976d625, org.springframework.security.web.access.ExceptionTranslationFilter@38ebf8dc, org.springframework.security.web.access.intercept.AuthorizationFilter@3aede2ff]
2024-12-01T19:23:06.710+01:00  INFO 18960 --- [fmpro] [    Test worker] com.tmpro.TmproApplicationTests          : Started TmproApplicationTests in 6.898 seconds (process running for 7.811)
]]></system-out>
  <system-err><![CDATA[WARNING: A Java agent has been loaded dynamically (C:\Users\tasio\.gradle\caches\modules-2\files-2.1\net.bytebuddy\byte-buddy-agent\1.14.13\979ce25f7d3096a2e82214ba7dc972a05ce7a171\byte-buddy-agent-1.14.13.jar)
WARNING: If a serviceability tool is in use, please run with -XX:+EnableDynamicAgentLoading to hide this warning
WARNING: If a serviceability tool is not in use, please run with -Djdk.instrument.traceUsage for more information
WARNING: Dynamic loading of agents will be disallowed by default in a future release
]]></system-err>
</testsuite>
