<?xml version="1.0" encoding="UTF-8"?>
<testsuite name="com.tmpro.TmproApplicationTests" tests="1" skipped="0" failures="0" errors="0" timestamp="2024-11-07T16:49:14" hostname="TAASIO" time="0.366">
  <properties/>
  <testcase name="contextLoads()" classname="com.tmpro.TmproApplicationTests" time="0.366"/>
  <system-out><![CDATA[17:49:05.407 [Test worker] INFO org.springframework.test.context.support.AnnotationConfigContextLoaderUtils -- Could not detect default configuration classes for test class [com.tmpro.TmproApplicationTests]: TmproApplicationTests does not declare any static, non-private, non-final, nested classes annotated with @Configuration.
17:49:05.521 [Test worker] INFO org.springframework.boot.test.context.SpringBootTestContextBootstrapper -- Found @SpringBootConfiguration com.tmpro.TmproApplication for test class com.tmpro.TmproApplicationTests

  .   ____          _            __ _ _
 /\\ / ___'_ __ _ _(_)_ __  __ _ \ \ \ \
( ( )\___ | '_ | '_| | '_ \/ _` | \ \ \ \
 \\/  ___)| |_)| | | | | || (_| |  ) ) ) )
  '  |____| .__|_| |_|_| |_\__, | / / / /
 =========|_|==============|___/=/_/_/_/
 :: Spring Boot ::                (v3.2.5)

2024-11-07T17:49:05.904+01:00  INFO 16112 --- [fmpro] [    Test worker] com.tmpro.TmproApplicationTests          : Starting TmproApplicationTests using Java 17.0.12 with PID 16112 (started by tasio in C:\Users\tasio\fmpro)
2024-11-07T17:49:05.906+01:00  INFO 16112 --- [fmpro] [    Test worker] com.tmpro.TmproApplicationTests          : No active profile set, falling back to 1 default profile: "default"
2024-11-07T17:49:06.958+01:00  INFO 16112 --- [fmpro] [    Test worker] .s.d.r.c.RepositoryConfigurationDelegate : Bootstrapping Spring Data JPA repositories in DEFAULT mode.
2024-11-07T17:49:07.014+01:00  INFO 16112 --- [fmpro] [    Test worker] .s.d.r.c.RepositoryConfigurationDelegate : Finished Spring Data repository scanning in 48 ms. Found 5 JPA repository interfaces.
2024-11-07T17:49:07.790+01:00  INFO 16112 --- [fmpro] [    Test worker] o.hibernate.jpa.internal.util.LogHelper  : HHH000204: Processing PersistenceUnitInfo [name: default]
2024-11-07T17:49:07.866+01:00  INFO 16112 --- [fmpro] [    Test worker] org.hibernate.Version                    : HHH000412: Hibernate ORM core version 6.4.4.Final
2024-11-07T17:49:07.912+01:00  INFO 16112 --- [fmpro] [    Test worker] o.h.c.internal.RegionFactoryInitiator    : HHH000026: Second-level cache disabled
2024-11-07T17:49:08.196+01:00  INFO 16112 --- [fmpro] [    Test worker] o.s.o.j.p.SpringPersistenceUnitInfo      : No LoadTimeWeaver setup: ignoring JPA class transformer
2024-11-07T17:49:08.225+01:00  INFO 16112 --- [fmpro] [    Test worker] com.zaxxer.hikari.HikariDataSource       : HikariPool-1 - Starting...
2024-11-07T17:49:08.978+01:00  INFO 16112 --- [fmpro] [    Test worker] com.zaxxer.hikari.pool.HikariPool        : HikariPool-1 - Added connection org.postgresql.jdbc.PgConnection@62808e9e
2024-11-07T17:49:08.979+01:00  INFO 16112 --- [fmpro] [    Test worker] com.zaxxer.hikari.HikariDataSource       : HikariPool-1 - Start completed.
2024-11-07T17:49:09.052+01:00  WARN 16112 --- [fmpro] [    Test worker] org.hibernate.orm.deprecation            : HHH90000025: PostgreSQLDialect does not need to be specified explicitly using 'hibernate.dialect' (remove the property setting and it will be selected by default)
2024-11-07T17:49:10.072+01:00  INFO 16112 --- [fmpro] [    Test worker] o.h.e.t.j.p.i.JtaPlatformInitiator       : HHH000489: No JTA platform available (set 'hibernate.transaction.jta.platform' to enable JTA platform integration)
2024-11-07T17:49:11.447+01:00  INFO 16112 --- [fmpro] [    Test worker] j.LocalContainerEntityManagerFactoryBean : Initialized JPA EntityManagerFactory for persistence unit 'default'
2024-11-07T17:49:12.095+01:00  WARN 16112 --- [fmpro] [    Test worker] JpaBaseConfiguration$JpaWebConfiguration : spring.jpa.open-in-view is enabled by default. Therefore, database queries may be performed during view rendering. Explicitly configure spring.jpa.open-in-view to disable this warning
2024-11-07T17:49:13.367+01:00  INFO 16112 --- [fmpro] [    Test worker] o.s.b.a.e.web.EndpointLinksResolver      : Exposing 1 endpoint(s) beneath base path '/actuator'
2024-11-07T17:49:13.483+01:00  INFO 16112 --- [fmpro] [    Test worker] o.s.s.web.DefaultSecurityFilterChain     : Will secure any request with [org.springframework.security.web.session.DisableEncodeUrlFilter@7eeabaf3, org.springframework.security.web.context.request.async.WebAsyncManagerIntegrationFilter@6f5ae4e1, org.springframework.security.web.context.SecurityContextHolderFilter@75fdbd71, org.springframework.security.web.header.HeaderWriterFilter@179af25f, org.springframework.web.filter.CorsFilter@2fb006dc, org.springframework.security.web.authentication.logout.LogoutFilter@7d28d525, org.springframework.security.web.savedrequest.RequestCacheAwareFilter@55aabc72, org.springframework.security.web.servletapi.SecurityContextHolderAwareRequestFilter@2d6161b9, org.springframework.security.web.authentication.AnonymousAuthenticationFilter@1285ec6, org.springframework.security.web.access.ExceptionTranslationFilter@7219a228, org.springframework.security.web.access.intercept.AuthorizationFilter@2a01c55]
2024-11-07T17:49:14.201+01:00  INFO 16112 --- [fmpro] [    Test worker] com.tmpro.TmproApplicationTests          : Started TmproApplicationTests in 8.5 seconds (process running for 9.751)
]]></system-out>
  <system-err><![CDATA[]]></system-err>
</testsuite>
