<?xml version="1.0" encoding="UTF-8"?>
<testsuite name="com.tmpro.TmproApplicationTests" tests="1" skipped="0" failures="0" errors="0" timestamp="2024-11-10T01:16:32" hostname="TAASIO" time="0.391">
  <properties/>
  <testcase name="contextLoads()" classname="com.tmpro.TmproApplicationTests" time="0.391"/>
  <system-out><![CDATA[02:16:22.761 [Test worker] INFO org.springframework.test.context.support.AnnotationConfigContextLoaderUtils -- Could not detect default configuration classes for test class [com.tmpro.TmproApplicationTests]: TmproApplicationTests does not declare any static, non-private, non-final, nested classes annotated with @Configuration.
02:16:22.863 [Test worker] INFO org.springframework.boot.test.context.SpringBootTestContextBootstrapper -- Found @SpringBootConfiguration com.tmpro.TmproApplication for test class com.tmpro.TmproApplicationTests

  .   ____          _            __ _ _
 /\\ / ___'_ __ _ _(_)_ __  __ _ \ \ \ \
( ( )\___ | '_ | '_| | '_ \/ _` | \ \ \ \
 \\/  ___)| |_)| | | | | || (_| |  ) ) ) )
  '  |____| .__|_| |_|_| |_\__, | / / / /
 =========|_|==============|___/=/_/_/_/
 :: Spring Boot ::                (v3.2.5)

2024-11-10T02:16:23.258+01:00  INFO 29748 --- [fmpro] [    Test worker] com.tmpro.TmproApplicationTests          : Starting TmproApplicationTests using Java 17.0.12 with PID 29748 (started by tasio in C:\Users\tasio\fmpro)
2024-11-10T02:16:23.259+01:00  INFO 29748 --- [fmpro] [    Test worker] com.tmpro.TmproApplicationTests          : No active profile set, falling back to 1 default profile: "default"
2024-11-10T02:16:24.338+01:00  INFO 29748 --- [fmpro] [    Test worker] .s.d.r.c.RepositoryConfigurationDelegate : Bootstrapping Spring Data JPA repositories in DEFAULT mode.
2024-11-10T02:16:24.406+01:00  INFO 29748 --- [fmpro] [    Test worker] .s.d.r.c.RepositoryConfigurationDelegate : Finished Spring Data repository scanning in 58 ms. Found 5 JPA repository interfaces.
2024-11-10T02:16:25.267+01:00  INFO 29748 --- [fmpro] [    Test worker] o.hibernate.jpa.internal.util.LogHelper  : HHH000204: Processing PersistenceUnitInfo [name: default]
2024-11-10T02:16:25.356+01:00  INFO 29748 --- [fmpro] [    Test worker] org.hibernate.Version                    : HHH000412: Hibernate ORM core version 6.4.4.Final
2024-11-10T02:16:25.404+01:00  INFO 29748 --- [fmpro] [    Test worker] o.h.c.internal.RegionFactoryInitiator    : HHH000026: Second-level cache disabled
2024-11-10T02:16:25.732+01:00  INFO 29748 --- [fmpro] [    Test worker] o.s.o.j.p.SpringPersistenceUnitInfo      : No LoadTimeWeaver setup: ignoring JPA class transformer
2024-11-10T02:16:25.763+01:00  INFO 29748 --- [fmpro] [    Test worker] com.zaxxer.hikari.HikariDataSource       : HikariPool-1 - Starting...
2024-11-10T02:16:26.518+01:00  INFO 29748 --- [fmpro] [    Test worker] com.zaxxer.hikari.pool.HikariPool        : HikariPool-1 - Added connection org.postgresql.jdbc.PgConnection@4895e8f6
2024-11-10T02:16:26.519+01:00  INFO 29748 --- [fmpro] [    Test worker] com.zaxxer.hikari.HikariDataSource       : HikariPool-1 - Start completed.
2024-11-10T02:16:26.598+01:00  WARN 29748 --- [fmpro] [    Test worker] org.hibernate.orm.deprecation            : HHH90000025: PostgreSQLDialect does not need to be specified explicitly using 'hibernate.dialect' (remove the property setting and it will be selected by default)
2024-11-10T02:16:27.663+01:00  INFO 29748 --- [fmpro] [    Test worker] o.h.e.t.j.p.i.JtaPlatformInitiator       : HHH000489: No JTA platform available (set 'hibernate.transaction.jta.platform' to enable JTA platform integration)
2024-11-10T02:16:29.066+01:00  INFO 29748 --- [fmpro] [    Test worker] j.LocalContainerEntityManagerFactoryBean : Initialized JPA EntityManagerFactory for persistence unit 'default'
2024-11-10T02:16:29.953+01:00  WARN 29748 --- [fmpro] [    Test worker] JpaBaseConfiguration$JpaWebConfiguration : spring.jpa.open-in-view is enabled by default. Therefore, database queries may be performed during view rendering. Explicitly configure spring.jpa.open-in-view to disable this warning
2024-11-10T02:16:30.830+01:00  INFO 29748 --- [fmpro] [    Test worker] o.s.b.a.w.s.WelcomePageHandlerMapping    : Adding welcome page: class path resource [static/index.html]
2024-11-10T02:16:31.520+01:00  INFO 29748 --- [fmpro] [    Test worker] o.s.b.a.e.web.EndpointLinksResolver      : Exposing 1 endpoint(s) beneath base path '/actuator'
2024-11-10T02:16:31.608+01:00  INFO 29748 --- [fmpro] [    Test worker] o.s.s.web.DefaultSecurityFilterChain     : Will secure any request with [org.springframework.security.web.session.DisableEncodeUrlFilter@743167c7, org.springframework.security.web.context.request.async.WebAsyncManagerIntegrationFilter@6d5a4e59, org.springframework.security.web.context.SecurityContextHolderFilter@6b3bcab7, org.springframework.security.web.header.HeaderWriterFilter@64230d44, org.springframework.web.filter.CorsFilter@5710f755, org.springframework.security.web.authentication.logout.LogoutFilter@71b01319, org.springframework.security.web.savedrequest.RequestCacheAwareFilter@4873c645, org.springframework.security.web.servletapi.SecurityContextHolderAwareRequestFilter@35c646b5, org.springframework.security.web.authentication.AnonymousAuthenticationFilter@1b78c34b, org.springframework.security.web.access.ExceptionTranslationFilter@11893180, org.springframework.security.web.access.intercept.AuthorizationFilter@1606ecbb]
2024-11-10T02:16:32.314+01:00  INFO 29748 --- [fmpro] [    Test worker] com.tmpro.TmproApplicationTests          : Started TmproApplicationTests in 9.27 seconds (process running for 10.398)
]]></system-out>
  <system-err><![CDATA[]]></system-err>
</testsuite>
