<?xml version="1.0" encoding="UTF-8"?>
<testsuite name="com.tmpro.TmproApplicationTests" tests="1" skipped="0" failures="0" errors="0" timestamp="2024-11-30T19:00:29" hostname="TAASIO" time="0.365">
  <properties/>
  <testcase name="contextLoads()" classname="com.tmpro.TmproApplicationTests" time="0.365"/>
  <system-out><![CDATA[20:00:22.375 [Test worker] INFO org.springframework.test.context.support.AnnotationConfigContextLoaderUtils -- Could not detect default configuration classes for test class [com.tmpro.TmproApplicationTests]: TmproApplicationTests does not declare any static, non-private, non-final, nested classes annotated with @Configuration.
20:00:22.456 [Test worker] INFO org.springframework.boot.test.context.SpringBootTestContextBootstrapper -- Found @SpringBootConfiguration com.tmpro.TmproApplication for test class com.tmpro.TmproApplicationTests

  .   ____          _            __ _ _
 /\\ / ___'_ __ _ _(_)_ __  __ _ \ \ \ \
( ( )\___ | '_ | '_| | '_ \/ _` | \ \ \ \
 \\/  ___)| |_)| | | | | || (_| |  ) ) ) )
  '  |____| .__|_| |_|_| |_\__, | / / / /
 =========|_|==============|___/=/_/_/_/
 :: Spring Boot ::                (v3.2.5)

2024-11-30T20:00:22.759+01:00  INFO 6872 --- [fmpro] [    Test worker] com.tmpro.TmproApplicationTests          : Starting TmproApplicationTests using Java 21.0.3 with PID 6872 (started by tasio in C:\Users\tasio\fmpro)
2024-11-30T20:00:22.760+01:00  INFO 6872 --- [fmpro] [    Test worker] com.tmpro.TmproApplicationTests          : No active profile set, falling back to 1 default profile: "default"
2024-11-30T20:00:23.487+01:00  INFO 6872 --- [fmpro] [    Test worker] .s.d.r.c.RepositoryConfigurationDelegate : Bootstrapping Spring Data JPA repositories in DEFAULT mode.
2024-11-30T20:00:23.538+01:00  INFO 6872 --- [fmpro] [    Test worker] .s.d.r.c.RepositoryConfigurationDelegate : Finished Spring Data repository scanning in 45 ms. Found 6 JPA repository interfaces.
2024-11-30T20:00:24.196+01:00  INFO 6872 --- [fmpro] [    Test worker] o.hibernate.jpa.internal.util.LogHelper  : HHH000204: Processing PersistenceUnitInfo [name: default]
2024-11-30T20:00:24.243+01:00  INFO 6872 --- [fmpro] [    Test worker] org.hibernate.Version                    : HHH000412: Hibernate ORM core version 6.4.4.Final
2024-11-30T20:00:24.272+01:00  INFO 6872 --- [fmpro] [    Test worker] o.h.c.internal.RegionFactoryInitiator    : HHH000026: Second-level cache disabled
2024-11-30T20:00:24.450+01:00  INFO 6872 --- [fmpro] [    Test worker] o.s.o.j.p.SpringPersistenceUnitInfo      : No LoadTimeWeaver setup: ignoring JPA class transformer
2024-11-30T20:00:24.469+01:00  INFO 6872 --- [fmpro] [    Test worker] com.zaxxer.hikari.HikariDataSource       : HikariPool-1 - Starting...
2024-11-30T20:00:25.235+01:00  INFO 6872 --- [fmpro] [    Test worker] com.zaxxer.hikari.pool.HikariPool        : HikariPool-1 - Added connection org.postgresql.jdbc.PgConnection@c6bf8d9
2024-11-30T20:00:25.236+01:00  INFO 6872 --- [fmpro] [    Test worker] com.zaxxer.hikari.HikariDataSource       : HikariPool-1 - Start completed.
2024-11-30T20:00:25.309+01:00  WARN 6872 --- [fmpro] [    Test worker] org.hibernate.orm.deprecation            : HHH90000025: PostgreSQLDialect does not need to be specified explicitly using 'hibernate.dialect' (remove the property setting and it will be selected by default)
2024-11-30T20:00:26.206+01:00  INFO 6872 --- [fmpro] [    Test worker] o.h.e.t.j.p.i.JtaPlatformInitiator       : HHH000489: No JTA platform available (set 'hibernate.transaction.jta.platform' to enable JTA platform integration)
Hibernate: alter table if exists users add column role varchar(255) not null
2024-11-30T20:00:27.303+01:00  INFO 6872 --- [fmpro] [    Test worker] j.LocalContainerEntityManagerFactoryBean : Initialized JPA EntityManagerFactory for persistence unit 'default'
2024-11-30T20:00:27.951+01:00  WARN 6872 --- [fmpro] [    Test worker] JpaBaseConfiguration$JpaWebConfiguration : spring.jpa.open-in-view is enabled by default. Therefore, database queries may be performed during view rendering. Explicitly configure spring.jpa.open-in-view to disable this warning
2024-11-30T20:00:28.227+01:00  INFO 6872 --- [fmpro] [    Test worker] o.s.b.a.w.s.WelcomePageHandlerMapping    : Adding welcome page: class path resource [static/index.html]
2024-11-30T20:00:28.977+01:00  WARN 6872 --- [fmpro] [    Test worker] .s.s.UserDetailsServiceAutoConfiguration : 

Using generated security password: 37c9a56c-bb7e-4e7c-8e7c-a11942b51184

This generated password is for development use only. Your security configuration must be updated before running your application in production.

2024-11-30T20:00:29.106+01:00  INFO 6872 --- [fmpro] [    Test worker] o.s.b.a.e.web.EndpointLinksResolver      : Exposing 1 endpoint(s) beneath base path '/actuator'
2024-11-30T20:00:29.125+01:00  INFO 6872 --- [fmpro] [    Test worker] o.s.s.web.DefaultSecurityFilterChain     : Will secure any request with [org.springframework.security.web.session.DisableEncodeUrlFilter@188ccb6c, org.springframework.security.web.context.request.async.WebAsyncManagerIntegrationFilter@7061a5e7, org.springframework.security.web.context.SecurityContextHolderFilter@11c95035, org.springframework.security.web.header.HeaderWriterFilter@5c74025e, org.springframework.web.filter.CorsFilter@4a0934a8, org.springframework.security.web.csrf.CsrfFilter@29922188, org.springframework.security.web.authentication.logout.LogoutFilter@1c9fa12, org.springframework.security.web.authentication.UsernamePasswordAuthenticationFilter@5d796665, org.springframework.security.web.authentication.ui.DefaultLoginPageGeneratingFilter@10e7ade5, org.springframework.security.web.authentication.ui.DefaultLogoutPageGeneratingFilter@4cf66f73, org.springframework.security.web.authentication.www.BasicAuthenticationFilter@69aecbba, org.springframework.security.web.savedrequest.RequestCacheAwareFilter@17cea679, org.springframework.security.web.servletapi.SecurityContextHolderAwareRequestFilter@3e8cf854, org.springframework.security.web.authentication.AnonymousAuthenticationFilter@32df1a2a, org.springframework.security.web.access.ExceptionTranslationFilter@143abb21, org.springframework.security.web.access.intercept.AuthorizationFilter@22109f72]
2024-11-30T20:00:29.277+01:00  INFO 6872 --- [fmpro] [    Test worker] com.tmpro.TmproApplicationTests          : Started TmproApplicationTests in 6.7 seconds (process running for 7.589)
]]></system-out>
  <system-err><![CDATA[WARNING: A Java agent has been loaded dynamically (C:\Users\tasio\.gradle\caches\modules-2\files-2.1\net.bytebuddy\byte-buddy-agent\1.14.13\979ce25f7d3096a2e82214ba7dc972a05ce7a171\byte-buddy-agent-1.14.13.jar)
WARNING: If a serviceability tool is in use, please run with -XX:+EnableDynamicAgentLoading to hide this warning
WARNING: If a serviceability tool is not in use, please run with -Djdk.instrument.traceUsage for more information
WARNING: Dynamic loading of agents will be disallowed by default in a future release
]]></system-err>
</testsuite>
