<?xml version="1.0" encoding="UTF-8"?>
<testsuite name="com.tmpro.TmproApplicationTests" tests="1" skipped="0" failures="0" errors="0" timestamp="2024-12-13T21:05:22" hostname="TAASIO" time="0.404">
  <properties/>
  <testcase name="contextLoads()" classname="com.tmpro.TmproApplicationTests" time="0.404"/>
  <system-out><![CDATA[22:05:14.465 [Test worker] INFO org.springframework.test.context.support.AnnotationConfigContextLoaderUtils -- Could not detect default configuration classes for test class [com.tmpro.TmproApplicationTests]: TmproApplicationTests does not declare any static, non-private, non-final, nested classes annotated with @Configuration.
22:05:14.544 [Test worker] INFO org.springframework.boot.test.context.SpringBootTestContextBootstrapper -- Found @SpringBootConfiguration com.tmpro.TmproApplication for test class com.tmpro.TmproApplicationTests

  .   ____          _            __ _ _
 /\\ / ___'_ __ _ _(_)_ __  __ _ \ \ \ \
( ( )\___ | '_ | '_| | '_ \/ _` | \ \ \ \
 \\/  ___)| |_)| | | | | || (_| |  ) ) ) )
  '  |____| .__|_| |_|_| |_\__, | / / / /
 =========|_|==============|___/=/_/_/_/
 :: Spring Boot ::                (v3.2.5)

2024-12-13T22:05:14.858+01:00  INFO 9192 --- [fmpro] [    Test worker] com.tmpro.TmproApplicationTests          : Starting TmproApplicationTests using Java 21.0.3 with PID 9192 (started by tasio in C:\Users\tasio\fmpro)
2024-12-13T22:05:14.860+01:00  INFO 9192 --- [fmpro] [    Test worker] com.tmpro.TmproApplicationTests          : No active profile set, falling back to 1 default profile: "default"
2024-12-13T22:05:15.764+01:00  INFO 9192 --- [fmpro] [    Test worker] .s.d.r.c.RepositoryConfigurationDelegate : Bootstrapping Spring Data JPA repositories in DEFAULT mode.
2024-12-13T22:05:15.831+01:00  INFO 9192 --- [fmpro] [    Test worker] .s.d.r.c.RepositoryConfigurationDelegate : Finished Spring Data repository scanning in 59 ms. Found 6 JPA repository interfaces.
2024-12-13T22:05:16.706+01:00  INFO 9192 --- [fmpro] [    Test worker] o.hibernate.jpa.internal.util.LogHelper  : HHH000204: Processing PersistenceUnitInfo [name: default]
2024-12-13T22:05:16.780+01:00  INFO 9192 --- [fmpro] [    Test worker] org.hibernate.Version                    : HHH000412: Hibernate ORM core version 6.4.4.Final
2024-12-13T22:05:16.822+01:00  INFO 9192 --- [fmpro] [    Test worker] o.h.c.internal.RegionFactoryInitiator    : HHH000026: Second-level cache disabled
2024-12-13T22:05:17.049+01:00  INFO 9192 --- [fmpro] [    Test worker] o.s.o.j.p.SpringPersistenceUnitInfo      : No LoadTimeWeaver setup: ignoring JPA class transformer
2024-12-13T22:05:17.070+01:00  INFO 9192 --- [fmpro] [    Test worker] com.zaxxer.hikari.HikariDataSource       : HikariPool-1 - Starting...
2024-12-13T22:05:17.840+01:00  INFO 9192 --- [fmpro] [    Test worker] com.zaxxer.hikari.pool.HikariPool        : HikariPool-1 - Added connection org.postgresql.jdbc.PgConnection@705d914f
2024-12-13T22:05:17.841+01:00  INFO 9192 --- [fmpro] [    Test worker] com.zaxxer.hikari.HikariDataSource       : HikariPool-1 - Start completed.
2024-12-13T22:05:17.912+01:00  WARN 9192 --- [fmpro] [    Test worker] org.hibernate.orm.deprecation            : HHH90000025: PostgreSQLDialect does not need to be specified explicitly using 'hibernate.dialect' (remove the property setting and it will be selected by default)
2024-12-13T22:05:18.937+01:00  INFO 9192 --- [fmpro] [    Test worker] o.h.e.t.j.p.i.JtaPlatformInitiator       : HHH000489: No JTA platform available (set 'hibernate.transaction.jta.platform' to enable JTA platform integration)
2024-12-13T22:05:19.920+01:00  INFO 9192 --- [fmpro] [    Test worker] j.LocalContainerEntityManagerFactoryBean : Initialized JPA EntityManagerFactory for persistence unit 'default'
2024-12-13T22:05:20.461+01:00  INFO 9192 --- [fmpro] [    Test worker] o.s.d.j.r.query.QueryEnhancerFactory     : Hibernate is in classpath; If applicable, HQL parser will be used.
2024-12-13T22:05:21.050+01:00  WARN 9192 --- [fmpro] [    Test worker] JpaBaseConfiguration$JpaWebConfiguration : spring.jpa.open-in-view is enabled by default. Therefore, database queries may be performed during view rendering. Explicitly configure spring.jpa.open-in-view to disable this warning
2024-12-13T22:05:21.282+01:00  WARN 9192 --- [fmpro] [    Test worker] .s.s.UserDetailsServiceAutoConfiguration : 

Using generated security password: b8304319-e049-431e-85a0-5202af6b4d8d

This generated password is for development use only. Your security configuration must be updated before running your application in production.

2024-12-13T22:05:21.569+01:00  INFO 9192 --- [fmpro] [    Test worker] o.s.s.web.DefaultSecurityFilterChain     : Will secure any request with [org.springframework.security.web.session.DisableEncodeUrlFilter@211ffbd0, org.springframework.security.web.context.request.async.WebAsyncManagerIntegrationFilter@472d201, org.springframework.security.web.context.SecurityContextHolderFilter@7e8e111d, org.springframework.security.web.header.HeaderWriterFilter@4be8c1bb, org.springframework.web.filter.CorsFilter@473e0536, org.springframework.security.web.authentication.logout.LogoutFilter@4e6c4c55, org.springframework.security.web.savedrequest.RequestCacheAwareFilter@5f97d43e, org.springframework.security.web.servletapi.SecurityContextHolderAwareRequestFilter@3c9cd930, org.springframework.security.web.authentication.AnonymousAuthenticationFilter@7f8f120c, org.springframework.security.web.access.ExceptionTranslationFilter@6cde3dac, org.springframework.security.web.access.intercept.AuthorizationFilter@69554e5a]
2024-12-13T22:05:21.896+01:00  INFO 9192 --- [fmpro] [    Test worker] o.s.b.a.w.s.WelcomePageHandlerMapping    : Adding welcome page: class path resource [static/index.html]
2024-12-13T22:05:22.702+01:00  INFO 9192 --- [fmpro] [    Test worker] o.s.b.a.e.web.EndpointLinksResolver      : Exposing 1 endpoint(s) beneath base path '/actuator'
2024-12-13T22:05:22.826+01:00  INFO 9192 --- [fmpro] [    Test worker] com.tmpro.TmproApplicationTests          : Started TmproApplicationTests in 8.152 seconds (process running for 9.079)
]]></system-out>
  <system-err><![CDATA[WARNING: A Java agent has been loaded dynamically (C:\Users\tasio\.gradle\caches\modules-2\files-2.1\net.bytebuddy\byte-buddy-agent\1.14.13\979ce25f7d3096a2e82214ba7dc972a05ce7a171\byte-buddy-agent-1.14.13.jar)
WARNING: If a serviceability tool is in use, please run with -XX:+EnableDynamicAgentLoading to hide this warning
WARNING: If a serviceability tool is not in use, please run with -Djdk.instrument.traceUsage for more information
WARNING: Dynamic loading of agents will be disallowed by default in a future release
]]></system-err>
</testsuite>
